2023-07-13 17:44:01,134 -Arm_logger - DEBUG - arm_l  :  BP joint creation completed for positioning
2023-07-13 17:44:01,144 -Arm_logger - INFO - done
2023-07-13 17:44:01,144 -Arm_logger - DEBUG - arm_l  :  Create positioning joints for BP and prepare for generation
2023-07-13 17:44:01,144 -Arm_logger - INFO - 

2023-07-13 17:44:01,153 -Arm_logger - DEBUG - arm_l  :  Skin joint creation completed
2023-07-13 17:44:01,390 -Arm_logger - DEBUG - arm_l  :  Controller creation completed
2023-07-13 17:44:01,737 -Arm_logger - DEBUG - arm_l  :  Constraint creation completed
2023-07-13 17:44:01,749 -Arm_logger - INFO - done
2023-07-13 17:44:01,749 -Arm_logger - DEBUG - arm_l  :  Create binding system
2023-07-13 17:44:01,749 -Arm_logger - INFO - 

2023-07-13 17:44:47,988 -Arm_logger - DEBUG - arm_l  :  BP joint creation completed for positioning
2023-07-13 17:44:47,998 -Arm_logger - DEBUG - done
2023-07-13 17:44:47,998 -Arm_logger - INFO - arm_l  :  Create positioning joints for BP and prepare for generation
2023-07-13 17:44:47,998 -Arm_logger - INFO - 

2023-07-13 17:44:48,007 -Arm_logger - DEBUG - arm_l  :  Skin joint creation completed
2023-07-13 17:44:48,234 -Arm_logger - DEBUG - arm_l  :  Controller creation completed
2023-07-13 17:44:48,574 -Arm_logger - DEBUG - arm_l  :  Constraint creation completed
2023-07-13 17:44:48,586 -Arm_logger - DEBUG - done
2023-07-13 17:44:48,586 -Arm_logger - INFO - arm_l  :  Create binding system
2023-07-13 17:44:48,586 -Arm_logger - INFO - 

2023-07-13 17:47:15,449 -Arm_logger - DEBUG - arm_l  :  BP joint creation completed for positioning
2023-07-13 17:47:15,459 -Arm_logger - DEBUG - done
2023-07-13 17:47:15,459 -Arm_logger - INFO - arm_l  :  Create positioning joints for BP and prepare for generation
2023-07-13 17:47:15,459 -Arm_logger - INFO - 

2023-07-13 17:47:15,467 -Arm_logger - DEBUG - arm_l  :  Skin joint creation completed
2023-07-13 17:47:15,688 -Arm_logger - DEBUG - arm_l  :  Controller creation completed
2023-07-13 17:47:16,014 -Arm_logger - DEBUG - arm_l  :  Constraint creation completed
2023-07-13 17:47:16,026 -Arm_logger - DEBUG - done
2023-07-13 17:47:16,026 -Arm_logger - INFO - arm_l  :  Create binding system
2023-07-13 17:47:16,026 -Arm_logger - INFO - 

2023-07-13 17:53:15,868 -Arm_logger - DEBUG - arm_l  :  BP joint creation completed for positioning
2023-07-13 17:53:15,878 -Arm_logger - DEBUG - done
2023-07-13 17:53:15,878 -Arm_logger - INFO - arm_l  :  Create positioning joints for BP and prepare for generation
2023-07-13 17:53:15,878 -Arm_logger - INFO - 

2023-07-13 17:53:15,886 -Arm_logger - DEBUG - arm_l  :  Skin joint creation completed
2023-07-13 17:53:20,031 -Arm_logger - DEBUG - arm_l  :  BP joint creation completed for positioning
2023-07-13 17:53:20,040 -Arm_logger - DEBUG - done
2023-07-13 17:53:20,040 -Arm_logger - INFO - arm_l  :  Create positioning joints for BP and prepare for generation
2023-07-13 17:53:20,040 -Arm_logger - INFO - 

2023-07-13 17:53:20,048 -Arm_logger - DEBUG - arm_l  :  Skin joint creation completed
2023-07-13 17:54:19,977 -Arm_logger - DEBUG - arm_l  :  BP joint creation completed for positioning
2023-07-13 17:54:19,987 -Arm_logger - DEBUG - done
2023-07-13 17:54:19,987 -Arm_logger - INFO - arm_l  :  Create positioning joints for BP and prepare for generation
2023-07-13 17:54:19,987 -Arm_logger - INFO - 

2023-07-13 17:54:46,326 -Arm_logger - DEBUG - arm_l  :  BP joint creation completed for positioning
2023-07-13 17:54:46,336 -Arm_logger - DEBUG - done
2023-07-13 17:54:46,336 -Arm_logger - INFO - arm_l  :  Create positioning joints for BP and prepare for generation
2023-07-13 17:54:46,336 -Arm_logger - INFO - 

2023-07-13 17:54:46,346 -Arm_logger - DEBUG - arm_l  :  Skin joint creation completed
2023-07-13 17:54:46,581 -Arm_logger - DEBUG - arm_l  :  Controller creation completed
2023-07-13 17:54:46,946 -Arm_logger - DEBUG - arm_l  :  Constraint creation completed
2023-07-13 17:54:46,958 -Arm_logger - DEBUG - done
2023-07-13 17:54:46,958 -Arm_logger - INFO - arm_l  :  Create binding system
2023-07-13 17:54:46,958 -Arm_logger - INFO - 

2023-07-13 17:57:44,952 -Arm_logger - DEBUG - arm_l  :  BP joint creation completed for positioning
2023-07-13 17:57:44,961 -Arm_logger - DEBUG - done
2023-07-13 17:57:44,962 -Arm_logger - INFO - arm_l  :  Create positioning joints for BP and prepare for generation
2023-07-13 17:57:44,962 -Arm_logger - INFO - 

2023-07-13 17:57:44,970 -Arm_logger - DEBUG - arm_l  :  Skin joint creation completed
2023-07-13 17:57:45,180 -Arm_logger - DEBUG - arm_l  :  Controller creation completed
2023-07-13 17:57:45,479 -Arm_logger - DEBUG - arm_l  :  Constraint creation completed
2023-07-13 17:57:45,491 -Arm_logger - DEBUG - done
2023-07-13 17:57:45,491 -Arm_logger - INFO - arm_l  :  Create binding system
2023-07-13 17:57:45,491 -Arm_logger - INFO - 

2023-07-13 17:57:49,901 -Arm_logger - DEBUG - arm_l  :  Skin joint creation completed
2023-07-13 18:02:04,705 -Arm_logger - DEBUG - arm_l  :  BP joint creation completed for positioning
2023-07-13 18:02:04,715 -Arm_logger - DEBUG - done
2023-07-13 18:02:04,715 -Arm_logger - INFO - arm_l  :  Create positioning joints for BP and prepare for generation
2023-07-13 18:02:04,715 -Arm_logger - INFO - 

2023-07-13 18:02:11,715 -Arm_logger - DEBUG - arm_l  :  BP joint creation completed for positioning
2023-07-13 18:02:11,725 -Arm_logger - DEBUG - done
2023-07-13 18:02:11,725 -Arm_logger - INFO - arm_l  :  Create positioning joints for BP and prepare for generation
2023-07-13 18:02:11,725 -Arm_logger - INFO - 

2023-07-13 18:14:53,427 -Arm_logger - DEBUG - arm_l  :  BP joint creation completed for positioning
2023-07-13 18:14:53,437 -Arm_logger - DEBUG - done
2023-07-13 18:14:53,437 -Arm_logger - INFO - arm_l  :  Create positioning joints for BP and prepare for generation
2023-07-13 18:14:53,437 -Arm_logger - INFO - 

2023-07-13 18:16:06,820 -Arm_logger - DEBUG - arm_l  :  BP joint creation completed for positioning
2023-07-13 18:16:06,829 -Arm_logger - DEBUG - done
2023-07-13 18:16:06,829 -Arm_logger - INFO - arm_l  :  Create positioning joints for BP and prepare for generation
2023-07-13 18:16:06,829 -Arm_logger - INFO - 

2023-07-13 18:18:13,561 -Arm_logger - DEBUG - arm_l  :  BP joint creation completed for positioning
2023-07-13 18:18:13,571 -Arm_logger - DEBUG - done
2023-07-13 18:18:13,571 -Arm_logger - INFO - arm_l  :  Create positioning joints for BP and prepare for generation
2023-07-13 18:18:13,571 -Arm_logger - INFO - 

2023-07-13 18:19:57,798 -Arm_logger - DEBUG - arm_l  :  BP joint creation completed for positioning
2023-07-13 18:19:57,807 -Arm_logger - DEBUG - done
2023-07-13 18:19:57,808 -Arm_logger - INFO - arm_l  :  Create positioning joints for BP and prepare for generation
2023-07-13 18:19:57,808 -Arm_logger - INFO - 

2023-07-13 18:19:57,816 -Arm_logger - DEBUG - arm_l  :  Skin joint creation completed
2023-07-13 18:20:37,207 -Arm_logger - DEBUG - arm_l  :  BP joint creation completed for positioning
2023-07-13 18:20:37,216 -Arm_logger - DEBUG - done
2023-07-13 18:20:37,216 -Arm_logger - INFO - arm_l  :  Create positioning joints for BP and prepare for generation
2023-07-13 18:20:37,216 -Arm_logger - INFO - 

2023-07-13 18:20:37,225 -Arm_logger - DEBUG - arm_l  :  Skin joint creation completed
2023-07-13 18:20:37,459 -Arm_logger - DEBUG - arm_l  :  Controller creation completed
2023-07-13 18:20:37,779 -Arm_logger - DEBUG - arm_l  :  Constraint creation completed
2023-07-13 18:20:37,792 -Arm_logger - DEBUG - done
2023-07-13 18:20:37,792 -Arm_logger - INFO - arm_l  :  Create binding system
2023-07-13 18:20:37,792 -Arm_logger - INFO - 

2023-07-13 18:20:50,398 -Arm_logger - DEBUG - arm_l  :  Skin joint creation completed
2023-07-13 18:20:50,924 -Arm_logger - DEBUG - arm_l  :  Controller creation completed
2023-07-13 18:22:16,409 -Arm_logger - DEBUG - arm_l  :  BP joint creation completed for positioning
2023-07-13 18:22:16,430 -Arm_logger - DEBUG - done
2023-07-13 18:22:16,430 -Arm_logger - INFO - arm_l  :  Create positioning joints for BP and prepare for generation
2023-07-13 18:22:16,430 -Arm_logger - INFO - 

2023-07-13 18:22:16,450 -Arm_logger - DEBUG - arm_l  :  Skin joint creation completed
2023-07-13 18:22:16,957 -Arm_logger - DEBUG - arm_l  :  Controller creation completed
2023-07-13 18:22:17,665 -Arm_logger - DEBUG - arm_l  :  Constraint creation completed
2023-07-13 18:22:17,696 -Arm_logger - DEBUG - done
2023-07-13 18:22:17,696 -Arm_logger - INFO - arm_l  :  Create binding system
2023-07-13 18:22:17,696 -Arm_logger - INFO - 

2023-07-13 18:25:44,143 -Arm_logger - DEBUG - arm_l  :  BP joint creation completed for positioning
2023-07-13 18:25:44,153 -Arm_logger - DEBUG - done
2023-07-13 18:25:44,153 -Arm_logger - INFO - arm_l  :  Create positioning joints for BP and prepare for generation
2023-07-13 18:25:44,153 -Arm_logger - INFO - 

2023-07-13 18:25:44,161 -Arm_logger - DEBUG - arm_l  :  Skin joint creation completed
2023-07-13 18:25:44,399 -Arm_logger - DEBUG - arm_l  :  Controller creation completed
2023-07-13 18:25:44,724 -Arm_logger - DEBUG - arm_l  :  Constraint creation completed
2023-07-13 18:25:44,736 -Arm_logger - DEBUG - done
2023-07-13 18:25:44,736 -Arm_logger - INFO - arm_l  :  Create binding system
2023-07-13 18:25:44,736 -Arm_logger - INFO - 

2023-07-13 18:26:14,564 -Arm_logger - DEBUG - arm_l  :  Skin joint creation completed
2023-07-13 18:26:14,896 -Arm_logger - DEBUG - arm_l  :  Controller creation completed
2023-07-13 18:29:32,905 -Arm_logger - DEBUG - arm_l  :  BP joint creation completed for positioning
2023-07-13 18:29:32,915 -Arm_logger - DEBUG - done
2023-07-13 18:29:32,915 -Arm_logger - INFO - arm_l  :  Create positioning joints for BP and prepare for generation
2023-07-13 18:29:32,915 -Arm_logger - INFO - 

2023-07-13 18:29:32,923 -Arm_logger - DEBUG - arm_l  :  Skin joint creation completed
2023-07-13 18:29:33,144 -Arm_logger - DEBUG - arm_l  :  Controller creation completed
2023-07-13 18:29:33,495 -Arm_logger - DEBUG - arm_l  :  Constraint creation completed
2023-07-13 18:29:33,506 -Arm_logger - DEBUG - done
2023-07-13 18:29:33,506 -Arm_logger - INFO - arm_l  :  Create binding system
2023-07-13 18:29:33,506 -Arm_logger - INFO - 

2023-07-13 18:30:17,356 -Arm_logger - DEBUG - arm_l  :  Skin joint creation completed
2023-07-13 18:30:17,696 -Arm_logger - DEBUG - arm_l  :  Controller creation completed
2023-07-13 18:30:56,510 -Arm_logger - DEBUG - arm_l  :  Skin joint creation completed
2023-07-13 18:30:56,852 -Arm_logger - DEBUG - arm_l  :  Controller creation completed
2023-07-14 11:27:55,770 -Arm_logger - DEBUG - arm_l  :  BP joint creation completed for positioning
2023-07-14 11:27:55,780 -Arm_logger - DEBUG - done
2023-07-14 11:27:55,780 -Arm_logger - INFO - arm_l  :  Create positioning joints for BP and prepare for generation
2023-07-14 11:27:55,780 -Arm_logger - INFO - 

2023-07-14 11:27:55,790 -Arm_logger - DEBUG - arm_l  :  Skin joint creation completed
2023-07-14 11:27:56,021 -Arm_logger - DEBUG - arm_l  :  Controller creation completed
2023-07-14 11:27:56,606 -Arm_logger - DEBUG - arm_l  :  Constraint creation completed
2023-07-14 11:27:56,635 -Arm_logger - DEBUG - done
2023-07-14 11:27:56,635 -Arm_logger - INFO - arm_l  :  Create binding system
2023-07-14 11:27:56,635 -Arm_logger - INFO - 

2023-07-14 11:31:39,510 -Arm_logger - DEBUG - arm_l  :  Skin joint creation completed
2023-07-14 11:31:39,850 -Arm_logger - DEBUG - arm_l  :  Controller creation completed
2023-07-14 11:31:40,376 -Arm_logger - DEBUG - arm_l  :  Constraint creation completed
2023-07-14 11:31:40,388 -Arm_logger - DEBUG - done
2023-07-14 11:31:40,388 -Arm_logger - INFO - arm_l  :  Create binding system
2023-07-14 11:31:40,388 -Arm_logger - INFO - 

2023-07-14 11:33:17,668 -Arm_logger - DEBUG - arm_l  :  BP joint creation completed for positioning
2023-07-14 11:33:17,689 -Arm_logger - DEBUG - done
2023-07-14 11:33:17,689 -Arm_logger - INFO - arm_l  :  Create positioning joints for BP and prepare for generation
2023-07-14 11:33:17,689 -Arm_logger - INFO - 

2023-07-14 11:34:50,952 -Arm_logger - DEBUG - arm_l  :  BP joint creation completed for positioning
2023-07-14 11:34:50,972 -Arm_logger - DEBUG - done
2023-07-14 11:34:50,972 -Arm_logger - INFO - arm_l  :  Create positioning joints for BP and prepare for generation
2023-07-14 11:34:50,972 -Arm_logger - INFO - 

2023-07-14 11:35:28,132 -Arm_logger - DEBUG - arm_l  :  BP joint creation completed for positioning
2023-07-14 11:35:28,141 -Arm_logger - DEBUG - done
2023-07-14 11:35:28,141 -Arm_logger - INFO - arm_l  :  Create positioning joints for BP and prepare for generation
2023-07-14 11:35:28,141 -Arm_logger - INFO - 

2023-07-14 11:38:08,706 -Arm_logger - DEBUG - arm_l  :  BP joint creation completed for positioning
2023-07-14 11:38:08,716 -Arm_logger - DEBUG - done
2023-07-14 11:38:08,716 -Arm_logger - INFO - arm_l  :  Create positioning joints for BP and prepare for generation
2023-07-14 11:38:08,716 -Arm_logger - INFO - 

2023-07-14 11:39:25,589 -Arm_logger - DEBUG - arm_l  :  BP joint creation completed for positioning
2023-07-14 11:39:25,599 -Arm_logger - DEBUG - done
2023-07-14 11:39:25,599 -Arm_logger - INFO - arm_l  :  Create positioning joints for BP and prepare for generation
2023-07-14 11:39:25,599 -Arm_logger - INFO - 

2023-07-14 11:39:25,608 -Arm_logger - DEBUG - arm_l  :  Skin joint creation completed
2023-07-14 11:39:25,829 -Arm_logger - DEBUG - arm_l  :  Controller creation completed
2023-07-14 11:39:26,157 -Arm_logger - DEBUG - arm_l  :  Constraint creation completed
2023-07-14 11:39:26,169 -Arm_logger - DEBUG - done
2023-07-14 11:39:26,169 -Arm_logger - INFO - arm_l  :  Create binding system
2023-07-14 11:39:26,169 -Arm_logger - INFO - 

2023-07-14 11:39:51,031 -Arm_logger - DEBUG - arm_l  :  Skin joint creation completed
2023-07-14 11:39:51,258 -Arm_logger - DEBUG - arm_l  :  Controller creation completed
2023-07-14 11:39:51,590 -Arm_logger - DEBUG - arm_l  :  Constraint creation completed
2023-07-14 11:39:51,604 -Arm_logger - DEBUG - done
2023-07-14 11:39:51,604 -Arm_logger - INFO - arm_l  :  Create binding system
2023-07-14 11:39:51,605 -Arm_logger - INFO - 

2023-07-14 11:43:56,818 -Arm_logger - DEBUG - arm_l  :  BP joint creation completed for positioning
2023-07-14 11:43:56,828 -Arm_logger - DEBUG - done
2023-07-14 11:43:56,828 -Arm_logger - INFO - arm_l  :  Create positioning joints for BP and prepare for generation
2023-07-14 11:43:56,828 -Arm_logger - INFO - 

2023-07-14 11:44:59,880 -Arm_logger - DEBUG - arm_l  :  Skin joint creation completed
2023-07-14 11:45:00,636 -Arm_logger - DEBUG - arm_l  :  Controller creation completed
2023-07-14 11:45:01,728 -Arm_logger - DEBUG - arm_l  :  Constraint creation completed
2023-07-14 11:45:01,760 -Arm_logger - DEBUG - done
2023-07-14 11:45:01,760 -Arm_logger - INFO - arm_l  :  Create binding system
2023-07-14 11:45:01,760 -Arm_logger - INFO - 

2023-07-14 11:45:20,736 -Arm_logger - DEBUG - arm_l  :  Skin joint creation completed
2023-07-14 11:45:21,051 -Arm_logger - DEBUG - arm_l  :  Controller creation completed
2023-07-14 11:45:21,544 -Arm_logger - DEBUG - arm_l  :  Constraint creation completed
2023-07-14 11:45:21,555 -Arm_logger - DEBUG - done
2023-07-14 11:45:21,555 -Arm_logger - INFO - arm_l  :  Create binding system
2023-07-14 11:45:21,556 -Arm_logger - INFO - 

2023-07-14 11:45:33,279 -Arm_logger - DEBUG - arm_l  :  Skin joint creation completed
2023-07-14 11:45:33,583 -Arm_logger - DEBUG - arm_l  :  Controller creation completed
2023-07-14 11:45:34,055 -Arm_logger - DEBUG - arm_l  :  Constraint creation completed
2023-07-14 11:45:34,067 -Arm_logger - DEBUG - done
2023-07-14 11:45:34,068 -Arm_logger - INFO - arm_l  :  Create binding system
2023-07-14 11:45:34,068 -Arm_logger - INFO - 

2023-07-14 11:46:28,411 -Arm_logger - DEBUG - arm_l  :  Skin joint creation completed
2023-07-14 11:46:28,746 -Arm_logger - DEBUG - arm_l  :  Controller creation completed
2023-07-14 11:46:29,263 -Arm_logger - DEBUG - arm_l  :  Constraint creation completed
2023-07-14 11:46:29,276 -Arm_logger - DEBUG - done
2023-07-14 11:46:29,276 -Arm_logger - INFO - arm_l  :  Create binding system
2023-07-14 11:46:29,276 -Arm_logger - INFO - 

2023-07-14 11:47:26,458 -Arm_logger - DEBUG - arm_l  :  BP joint creation completed for positioning
2023-07-14 11:47:26,468 -Arm_logger - DEBUG - done
2023-07-14 11:47:26,468 -Arm_logger - INFO - arm_l  :  Create positioning joints for BP and prepare for generation
2023-07-14 11:47:26,468 -Arm_logger - INFO - 

2023-07-14 11:54:36,455 -Arm_logger - DEBUG - arm_l  :  BP joint creation completed for positioning
2023-07-14 11:54:36,465 -Arm_logger - DEBUG - done
2023-07-14 11:54:36,465 -Arm_logger - INFO - arm_l  :  Create positioning joints for BP and prepare for generation
2023-07-14 11:54:36,465 -Arm_logger - INFO - 

2023-07-14 11:59:32,892 -Arm_logger - DEBUG - arm_l  :  BP joint creation completed for positioning
2023-07-14 11:59:32,902 -Arm_logger - DEBUG - done
2023-07-14 11:59:32,902 -Arm_logger - INFO - arm_l  :  Create positioning joints for BP and prepare for generation
2023-07-14 11:59:32,902 -Arm_logger - INFO - 

2023-07-14 11:59:32,913 -Arm_logger - DEBUG - arm_l  :  Skin joint creation completed
2023-07-14 11:59:33,130 -Arm_logger - DEBUG - arm_l  :  Controller creation completed
2023-07-14 11:59:33,432 -Arm_logger - DEBUG - arm_l  :  Constraint creation completed
2023-07-14 11:59:33,444 -Arm_logger - DEBUG - done
2023-07-14 11:59:33,444 -Arm_logger - INFO - arm_l  :  Create binding system
2023-07-14 11:59:33,444 -Arm_logger - INFO - 

2023-07-14 11:59:56,173 -Arm_logger - DEBUG - arm_l  :  BP joint creation completed for positioning
2023-07-14 11:59:56,195 -Arm_logger - DEBUG - done
2023-07-14 11:59:56,195 -Arm_logger - INFO - arm_l  :  Create positioning joints for BP and prepare for generation
2023-07-14 11:59:56,195 -Arm_logger - INFO - 

2023-07-14 13:46:13,945 -Arm_logger - DEBUG - arm_l  :  Skin joint creation completed
2023-07-14 13:46:14,254 -Arm_logger - DEBUG - arm_l  :  Controller creation completed
2023-07-14 13:46:14,748 -Arm_logger - DEBUG - arm_l  :  Constraint creation completed
2023-07-14 13:46:14,760 -Arm_logger - DEBUG - done
2023-07-14 13:46:14,760 -Arm_logger - INFO - arm_l  :  Create binding system
2023-07-14 13:46:14,760 -Arm_logger - INFO - 

2023-07-14 13:46:44,546 -Arm_logger - DEBUG - arm_l  :  Skin joint creation completed
2023-07-14 13:46:44,873 -Arm_logger - DEBUG - arm_l  :  Controller creation completed
2023-07-14 13:46:45,387 -Arm_logger - DEBUG - arm_l  :  Constraint creation completed
2023-07-14 13:46:45,400 -Arm_logger - DEBUG - done
2023-07-14 13:46:45,400 -Arm_logger - INFO - arm_l  :  Create binding system
2023-07-14 13:46:45,400 -Arm_logger - INFO - 

2023-07-14 13:47:07,001 -Arm_logger - DEBUG - arm_l  :  Skin joint creation completed
2023-07-14 13:47:07,347 -Arm_logger - DEBUG - arm_l  :  Controller creation completed
2023-07-14 13:47:07,872 -Arm_logger - DEBUG - arm_l  :  Constraint creation completed
2023-07-14 13:47:07,885 -Arm_logger - DEBUG - done
2023-07-14 13:47:07,885 -Arm_logger - INFO - arm_l  :  Create binding system
2023-07-14 13:47:07,885 -Arm_logger - INFO - 

2023-07-14 14:04:13,631 -Arm_logger - DEBUG - arm_l  :  BP joint creation completed for positioning
2023-07-14 14:04:13,652 -Arm_logger - DEBUG - done
2023-07-14 14:04:13,652 -Arm_logger - INFO - arm_l  :  Create positioning joints for BP and prepare for generation
2023-07-14 14:04:13,652 -Arm_logger - INFO - 

2023-07-14 14:04:13,678 -Arm_logger - DEBUG - arm_l  :  Skin joint creation completed
2023-07-14 14:04:14,162 -Arm_logger - DEBUG - arm_l  :  Controller creation completed
2023-07-14 14:04:14,834 -Arm_logger - DEBUG - arm_l  :  Constraint creation completed
2023-07-14 14:04:14,862 -Arm_logger - DEBUG - done
2023-07-14 14:04:14,862 -Arm_logger - INFO - arm_l  :  Create binding system
2023-07-14 14:04:14,862 -Arm_logger - INFO - 

2023-07-14 14:05:36,902 -Arm_logger - DEBUG - arm_l  :  BP joint creation completed for positioning
2023-07-14 14:05:36,912 -Arm_logger - DEBUG - done
2023-07-14 14:05:36,912 -Arm_logger - INFO - arm_l  :  Create positioning joints for BP and prepare for generation
2023-07-14 14:05:36,912 -Arm_logger - INFO - 

2023-07-14 14:05:36,924 -Arm_logger - DEBUG - arm_l  :  Skin joint creation completed
2023-07-14 14:05:37,196 -Arm_logger - DEBUG - arm_l  :  Controller creation completed
2023-07-14 14:05:37,565 -Arm_logger - DEBUG - arm_l  :  Constraint creation completed
2023-07-14 14:05:37,578 -Arm_logger - DEBUG - done
2023-07-14 14:05:37,578 -Arm_logger - INFO - arm_l  :  Create binding system
2023-07-14 14:05:37,578 -Arm_logger - INFO - 

2023-07-14 14:09:15,747 -Arm_logger - DEBUG - arm_l  :  BP joint creation completed for positioning
2023-07-14 14:09:15,757 -Arm_logger - DEBUG - done
2023-07-14 14:09:15,757 -Arm_logger - INFO - arm_l  :  Create positioning joints for BP and prepare for generation
2023-07-14 14:09:15,757 -Arm_logger - INFO - 

2023-07-14 14:10:13,429 -Arm_logger - DEBUG - arm_l  :  BP joint creation completed for positioning
2023-07-14 14:10:13,438 -Arm_logger - DEBUG - done
2023-07-14 14:10:13,438 -Arm_logger - INFO - arm_l  :  Create positioning joints for BP and prepare for generation
2023-07-14 14:10:13,438 -Arm_logger - INFO - 

2023-07-14 14:41:41,426 -Arm_logger - DEBUG - arm_l  :  BP joint creation completed for positioning
2023-07-14 14:41:41,436 -Arm_logger - DEBUG - done
2023-07-14 14:41:41,436 -Arm_logger - INFO - arm_l  :  Create positioning joints for BP and prepare for generation
2023-07-14 14:41:41,436 -Arm_logger - INFO - 

2023-07-14 14:43:58,000 -Arm_logger - DEBUG - arm_l  :  BP joint creation completed for positioning
2023-07-14 14:43:58,010 -Arm_logger - DEBUG - done
2023-07-14 14:43:58,010 -Arm_logger - INFO - arm_l  :  Create positioning joints for BP and prepare for generation
2023-07-14 14:43:58,010 -Arm_logger - INFO - 

2023-07-14 14:43:58,031 -Arm_logger - DEBUG - arm_l  :  Skin joint creation completed
2023-07-14 14:44:17,831 -Arm_logger - DEBUG - arm_l  :  BP joint creation completed for positioning
2023-07-14 14:44:17,841 -Arm_logger - DEBUG - done
2023-07-14 14:44:17,841 -Arm_logger - INFO - arm_l  :  Create positioning joints for BP and prepare for generation
2023-07-14 14:44:17,841 -Arm_logger - INFO - 

2023-07-14 14:44:17,859 -Arm_logger - DEBUG - arm_l  :  Skin joint creation completed
2023-07-14 14:46:25,937 -Arm_logger - DEBUG - arm_l  :  BP joint creation completed for positioning
2023-07-14 14:46:25,947 -Arm_logger - DEBUG - done
2023-07-14 14:46:25,947 -Arm_logger - INFO - arm_l  :  Create positioning joints for BP and prepare for generation
2023-07-14 14:46:25,947 -Arm_logger - INFO - 

2023-07-14 14:46:25,958 -Arm_logger - DEBUG - arm_l  :  Skin joint creation completed
2023-07-14 14:48:27,862 -Arm_logger - DEBUG - arm_l  :  BP joint creation completed for positioning
2023-07-14 14:48:27,873 -Arm_logger - DEBUG - done
2023-07-14 14:48:27,873 -Arm_logger - INFO - arm_l  :  Create positioning joints for BP and prepare for generation
2023-07-14 14:48:27,873 -Arm_logger - INFO - 

2023-07-14 14:48:27,885 -Arm_logger - DEBUG - arm_l  :  Skin joint creation completed
2023-07-14 14:49:13,535 -Arm_logger - DEBUG - arm_l  :  BP joint creation completed for positioning
2023-07-14 14:49:13,551 -Arm_logger - DEBUG - done
2023-07-14 14:49:13,551 -Arm_logger - INFO - arm_l  :  Create positioning joints for BP and prepare for generation
2023-07-14 14:49:13,551 -Arm_logger - INFO - 

2023-07-14 14:49:13,565 -Arm_logger - DEBUG - arm_l  :  Skin joint creation completed
2023-07-14 14:49:13,804 -Arm_logger - DEBUG - arm_l  :  Controller creation completed
2023-07-14 14:49:14,166 -Arm_logger - DEBUG - arm_l  :  Constraint creation completed
2023-07-14 14:49:14,178 -Arm_logger - DEBUG - done
2023-07-14 14:49:14,178 -Arm_logger - INFO - arm_l  :  Create binding system
2023-07-14 14:49:14,178 -Arm_logger - INFO - 

2023-07-14 14:52:25,738 -Arm_logger - DEBUG - arm_l  :  BP joint creation completed for positioning
2023-07-14 14:52:25,751 -Arm_logger - DEBUG - done
2023-07-14 14:52:25,751 -Arm_logger - INFO - arm_l  :  Create positioning joints for BP and prepare for generation
2023-07-14 14:52:25,751 -Arm_logger - INFO - 

2023-07-14 14:52:25,763 -Arm_logger - DEBUG - arm_l  :  Skin joint creation completed
2023-07-14 14:52:26,006 -Arm_logger - DEBUG - arm_l  :  Controller creation completed
2023-07-14 14:52:26,377 -Arm_logger - DEBUG - arm_l  :  Constraint creation completed
2023-07-14 14:52:26,389 -Arm_logger - DEBUG - done
2023-07-14 14:52:26,389 -Arm_logger - INFO - arm_l  :  Create binding system
2023-07-14 14:52:26,389 -Arm_logger - INFO - 

2023-07-14 14:53:02,023 -Arm_logger - DEBUG - arm_l  :  BP joint creation completed for positioning
2023-07-14 14:53:02,041 -Arm_logger - DEBUG - done
2023-07-14 14:53:02,041 -Arm_logger - INFO - arm_l  :  Create positioning joints for BP and prepare for generation
2023-07-14 14:53:02,041 -Arm_logger - INFO - 

2023-07-14 14:53:02,053 -Arm_logger - DEBUG - arm_l  :  Skin joint creation completed
2023-07-14 14:53:56,576 -Arm_logger - DEBUG - arm_l  :  BP joint creation completed for positioning
2023-07-14 14:53:56,589 -Arm_logger - DEBUG - done
2023-07-14 14:53:56,589 -Arm_logger - INFO - arm_l  :  Create positioning joints for BP and prepare for generation
2023-07-14 14:53:56,589 -Arm_logger - INFO - 

2023-07-14 14:53:56,602 -Arm_logger - DEBUG - arm_l  :  Skin joint creation completed
2023-07-14 14:55:52,384 -Arm_logger - DEBUG - arm_l  :  BP joint creation completed for positioning
2023-07-14 14:55:52,397 -Arm_logger - DEBUG - done
2023-07-14 14:55:52,397 -Arm_logger - INFO - arm_l  :  Create positioning joints for BP and prepare for generation
2023-07-14 14:55:52,397 -Arm_logger - INFO - 

2023-07-14 14:55:52,409 -Arm_logger - DEBUG - arm_l  :  Skin joint creation completed
2023-07-14 14:55:52,686 -Arm_logger - DEBUG - arm_l  :  Controller creation completed
2023-07-14 14:55:53,062 -Arm_logger - DEBUG - arm_l  :  Constraint creation completed
2023-07-14 14:55:53,074 -Arm_logger - DEBUG - done
2023-07-14 14:55:53,074 -Arm_logger - INFO - arm_l  :  Create binding system
2023-07-14 14:55:53,074 -Arm_logger - INFO - 

2023-07-14 14:58:16,495 -Arm_logger - DEBUG - arm_l  :  BP joint creation completed for positioning
2023-07-14 14:58:16,508 -Arm_logger - DEBUG - done
2023-07-14 14:58:16,508 -Arm_logger - INFO - arm_l  :  Create positioning joints for BP and prepare for generation
2023-07-14 14:58:16,508 -Arm_logger - INFO - 

2023-07-14 14:58:16,521 -Arm_logger - DEBUG - arm_l  :  Skin joint creation completed
2023-07-14 14:58:16,767 -Arm_logger - DEBUG - arm_l  :  Controller creation completed
2023-07-14 14:58:17,134 -Arm_logger - DEBUG - arm_l  :  Constraint creation completed
2023-07-14 14:58:17,149 -Arm_logger - DEBUG - done
2023-07-14 14:58:17,149 -Arm_logger - INFO - arm_l  :  Create binding system
2023-07-14 14:58:17,149 -Arm_logger - INFO - 

2023-07-14 15:01:21,805 -Arm_logger - DEBUG - arm_l  :  BP joint creation completed for positioning
2023-07-14 15:01:21,819 -Arm_logger - DEBUG - done
2023-07-14 15:01:21,819 -Arm_logger - INFO - arm_l  :  Create positioning joints for BP and prepare for generation
2023-07-14 15:01:21,819 -Arm_logger - INFO - 

2023-07-14 15:01:21,834 -Arm_logger - DEBUG - arm_l  :  Skin joint creation completed
2023-07-14 15:01:22,082 -Arm_logger - DEBUG - arm_l  :  Controller creation completed
2023-07-14 15:01:22,442 -Arm_logger - DEBUG - arm_l  :  Constraint creation completed
2023-07-14 15:01:22,454 -Arm_logger - DEBUG - done
2023-07-14 15:01:22,454 -Arm_logger - INFO - arm_l  :  Create binding system
2023-07-14 15:01:22,454 -Arm_logger - INFO - 

2023-07-14 15:02:16,122 -Arm_logger - DEBUG - arm_l  :  BP joint creation completed for positioning
2023-07-14 15:02:16,149 -Arm_logger - DEBUG - done
2023-07-14 15:02:16,149 -Arm_logger - INFO - arm_l  :  Create positioning joints for BP and prepare for generation
2023-07-14 15:02:16,149 -Arm_logger - INFO - 

2023-07-14 15:02:16,177 -Arm_logger - DEBUG - arm_l  :  Skin joint creation completed
2023-07-14 15:02:16,701 -Arm_logger - DEBUG - arm_l  :  Controller creation completed
2023-07-14 15:02:17,409 -Arm_logger - DEBUG - arm_l  :  Constraint creation completed
2023-07-14 15:02:17,437 -Arm_logger - DEBUG - done
2023-07-14 15:02:17,438 -Arm_logger - INFO - arm_l  :  Create binding system
2023-07-14 15:02:17,438 -Arm_logger - INFO - 

2023-07-14 15:07:25,301 -Arm_logger - DEBUG - arm_l  :  BP joint creation completed for positioning
2023-07-14 15:07:25,329 -Arm_logger - DEBUG - done
2023-07-14 15:07:25,329 -Arm_logger - INFO - arm_l  :  Create positioning joints for BP and prepare for generation
2023-07-14 15:07:25,329 -Arm_logger - INFO - 

2023-07-14 15:07:25,358 -Arm_logger - DEBUG - arm_l  :  Skin joint creation completed
2023-07-14 15:07:25,867 -Arm_logger - DEBUG - arm_l  :  Controller creation completed
2023-07-14 15:07:26,549 -Arm_logger - DEBUG - arm_l  :  Constraint creation completed
2023-07-14 15:07:26,578 -Arm_logger - DEBUG - done
2023-07-14 15:07:26,578 -Arm_logger - INFO - arm_l  :  Create binding system
2023-07-14 15:07:26,578 -Arm_logger - INFO - 

2023-07-14 15:09:10,421 -Arm_logger - DEBUG - arm_l  :  BP joint creation completed for positioning
2023-07-14 15:09:10,434 -Arm_logger - DEBUG - done
2023-07-14 15:09:10,434 -Arm_logger - INFO - arm_l  :  Create positioning joints for BP and prepare for generation
2023-07-14 15:09:10,434 -Arm_logger - INFO - 

2023-07-14 15:09:10,447 -Arm_logger - DEBUG - arm_l  :  Skin joint creation completed
2023-07-14 15:09:10,715 -Arm_logger - DEBUG - arm_l  :  Controller creation completed
2023-07-14 15:09:11,093 -Arm_logger - DEBUG - arm_l  :  Constraint creation completed
2023-07-14 15:09:11,105 -Arm_logger - DEBUG - done
2023-07-14 15:09:11,105 -Arm_logger - INFO - arm_l  :  Create binding system
2023-07-14 15:09:11,105 -Arm_logger - INFO - 

2023-07-14 15:10:43,137 -Arm_logger - DEBUG - arm_l  :  BP joint creation completed for positioning
2023-07-14 15:10:43,151 -Arm_logger - DEBUG - done
2023-07-14 15:10:43,151 -Arm_logger - INFO - arm_l  :  Create positioning joints for BP and prepare for generation
2023-07-14 15:10:43,152 -Arm_logger - INFO - 

2023-07-14 15:10:43,165 -Arm_logger - DEBUG - arm_l  :  Skin joint creation completed
2023-07-14 15:10:43,466 -Arm_logger - DEBUG - arm_l  :  Controller creation completed
2023-07-14 15:10:43,822 -Arm_logger - DEBUG - arm_l  :  Constraint creation completed
2023-07-14 15:10:43,834 -Arm_logger - DEBUG - done
2023-07-14 15:10:43,834 -Arm_logger - INFO - arm_l  :  Create binding system
2023-07-14 15:10:43,834 -Arm_logger - INFO - 

2023-07-14 15:11:21,294 -Arm_logger - DEBUG - arm_l  :  BP joint creation completed for positioning
2023-07-14 15:11:21,324 -Arm_logger - DEBUG - done
2023-07-14 15:11:21,324 -Arm_logger - INFO - arm_l  :  Create positioning joints for BP and prepare for generation
2023-07-14 15:11:21,324 -Arm_logger - INFO - 

2023-07-14 15:11:46,528 -Arm_logger - DEBUG - arm_l  :  Skin joint creation completed
2023-07-14 15:11:46,871 -Arm_logger - DEBUG - arm_l  :  Controller creation completed
2023-07-14 15:11:47,405 -Arm_logger - DEBUG - arm_l  :  Constraint creation completed
2023-07-14 15:11:47,417 -Arm_logger - DEBUG - done
2023-07-14 15:11:47,417 -Arm_logger - INFO - arm_l  :  Create binding system
2023-07-14 15:11:47,417 -Arm_logger - INFO - 

2023-07-14 15:12:12,565 -Arm_logger - DEBUG - arm_l  :  Skin joint creation completed
2023-07-14 15:12:12,976 -Arm_logger - DEBUG - arm_l  :  Controller creation completed
2023-07-14 15:12:13,602 -Arm_logger - DEBUG - arm_l  :  Constraint creation completed
2023-07-14 15:12:13,615 -Arm_logger - DEBUG - done
2023-07-14 15:12:13,616 -Arm_logger - INFO - arm_l  :  Create binding system
2023-07-14 15:12:13,616 -Arm_logger - INFO - 

2023-07-14 15:12:58,241 -Arm_logger - DEBUG - arm_l  :  BP joint creation completed for positioning
2023-07-14 15:12:58,255 -Arm_logger - DEBUG - done
2023-07-14 15:12:58,255 -Arm_logger - INFO - arm_l  :  Create positioning joints for BP and prepare for generation
2023-07-14 15:12:58,255 -Arm_logger - INFO - 

2023-07-14 15:13:22,132 -Arm_logger - DEBUG - arm_l  :  Skin joint creation completed
2023-07-14 15:13:22,500 -Arm_logger - DEBUG - arm_l  :  Controller creation completed
2023-07-14 15:13:23,084 -Arm_logger - DEBUG - arm_l  :  Constraint creation completed
2023-07-14 15:13:23,096 -Arm_logger - DEBUG - done
2023-07-14 15:13:23,096 -Arm_logger - INFO - arm_l  :  Create binding system
2023-07-14 15:13:23,096 -Arm_logger - INFO - 

2023-07-14 15:13:47,536 -Arm_logger - DEBUG - arm_l  :  Skin joint creation completed
2023-07-14 15:13:47,974 -Arm_logger - DEBUG - arm_l  :  Controller creation completed
2023-07-14 15:13:48,633 -Arm_logger - DEBUG - arm_l  :  Constraint creation completed
2023-07-14 15:13:48,646 -Arm_logger - DEBUG - done
2023-07-14 15:13:48,646 -Arm_logger - INFO - arm_l  :  Create binding system
2023-07-14 15:13:48,646 -Arm_logger - INFO - 

2023-10-13 09:57:20,668 -root - WARNING - 确保一个3D视图面板被激活
2023-10-13 09:57:45,197 -root - INFO - P:\Project\Production_CG\Project\Shots\EP002\SC001\CUT021b\Hair\EP002_SC001_CUT021b.mov输出完成
2023-10-13 09:58:53,829 -root - INFO - 没有需要缓存的物体
2023-10-13 10:00:22,138 -root - INFO - AbcImport -mode import "P:/Project/Production_CG/Project/Shots/EP002/SC001/CUT021b/Cache/QiXia_QiXia_geo_grp_abc.abc"
2023-10-13 10:00:22,138 -root - INFO - 
导入abc:AbcImport -mode import "P:/Project/Production_CG/Project/Shots/EP002/SC001/CUT021b/Cache/QiXia_QiXia_geo_grp_abc.abc"
2023-10-13 10:00:46,180 -root - INFO - AbcImport -mode import "P:/Project/Production_CG/Project/Shots/EP002/SC001/CUT021b/Cache/QiShe_QiShe_geo_grp_abc.abc"
2023-10-13 10:00:46,180 -root - INFO - 
导入abc:AbcImport -mode import "P:/Project/Production_CG/Project/Shots/EP002/SC001/CUT021b/Cache/QiShe_QiShe_geo_grp_abc.abc"
2023-10-13 10:00:46,201 -root - INFO - AbcImport -mode import "P:/Project/Production_CG/Project/Shots/EP002/SC001/CUT021b/Cache/QiZi_Bai_QiZi_Bai_geo_grp_abc.abc"
2023-10-13 10:00:46,201 -root - INFO - 
导入abc:AbcImport -mode import "P:/Project/Production_CG/Project/Shots/EP002/SC001/CUT021b/Cache/QiZi_Bai_QiZi_Bai_geo_grp_abc.abc"
2023-10-13 10:00:46,214 -root - INFO - AbcImport -mode import "P:/Project/Production_CG/Project/Shots/EP002/SC001/CUT021b/Cache/QiZi_Hei_QiZi_Hei_geo_grp_abc.abc"
2023-10-13 10:00:46,214 -root - INFO - 
导入abc:AbcImport -mode import "P:/Project/Production_CG/Project/Shots/EP002/SC001/CUT021b/Cache/QiZi_Hei_QiZi_Hei_geo_grp_abc.abc"
2023-10-13 10:00:47,273 -root - INFO - AbcImport -mode import "P:/Project/Production_CG/Project/Shots/EP002/SC001/CUT021b/Cache/QiSi_QiSi_geo_grp_abc.abc"
2023-10-13 10:00:47,274 -root - INFO - 
导入abc:AbcImport -mode import "P:/Project/Production_CG/Project/Shots/EP002/SC001/CUT021b/Cache/QiSi_QiSi_geo_grp_abc.abc"
2023-10-13 10:00:50,136 -root - INFO - 
abc缓存到 P:/Project/Production_CG/Project/Shots/EP002/SC001/CUT021b/Cache/QiXia_QiXia_geo_grp_abc.abc
2023-10-13 10:00:50,179 -root - INFO - 
abc缓存到 P:/Project/Production_CG/Project/Shots/EP002/SC001/CUT021b/Cache/QiShe_QiShe_geo_grp_abc.abc
2023-10-13 10:00:50,213 -root - INFO - 
abc缓存到 P:/Project/Production_CG/Project/Shots/EP002/SC001/CUT021b/Cache/QiZi_Bai_QiZi_Bai_geo_grp_abc.abc
2023-10-13 10:00:50,246 -root - INFO - 
abc缓存到 P:/Project/Production_CG/Project/Shots/EP002/SC001/CUT021b/Cache/QiZi_Hei_QiZi_Hei_geo_grp_abc.abc
2023-10-13 10:00:50,279 -root - INFO - 
abc缓存到 P:/Project/Production_CG/Project/Shots/EP002/SC001/CUT021b/Cache/QiSi_QiSi_geo_grp_abc.abc
2023-10-13 10:06:30,061 -root - INFO - 没有需要缓存的物体
2023-10-13 10:07:26,277 -root - INFO - AbcImport -mode import "P:/Project/Production_CG/Project/Shots/EP002/SC001/CUT021b/Cache/QiXia_QiXia_geo_grp_abc.abc"
2023-10-13 10:07:26,277 -root - INFO - 
导入abc:AbcImport -mode import "P:/Project/Production_CG/Project/Shots/EP002/SC001/CUT021b/Cache/QiXia_QiXia_geo_grp_abc.abc"
2023-10-13 10:07:26,299 -root - INFO - AbcImport -mode import "P:/Project/Production_CG/Project/Shots/EP002/SC001/CUT021b/Cache/QiZi_Bai_QiZi_Bai_geo_grp_abc.abc"
2023-10-13 10:07:26,299 -root - INFO - 
导入abc:AbcImport -mode import "P:/Project/Production_CG/Project/Shots/EP002/SC001/CUT021b/Cache/QiZi_Bai_QiZi_Bai_geo_grp_abc.abc"
2023-10-13 10:07:27,118 -root - INFO - AbcImport -mode import "P:/Project/Production_CG/Project/Shots/EP002/SC001/CUT021b/Cache/QiSi_QiSi_geo_grp_abc.abc"
2023-10-13 10:07:27,118 -root - INFO - 
导入abc:AbcImport -mode import "P:/Project/Production_CG/Project/Shots/EP002/SC001/CUT021b/Cache/QiSi_QiSi_geo_grp_abc.abc"
2023-10-13 10:07:27,139 -root - INFO - AbcImport -mode import "P:/Project/Production_CG/Project/Shots/EP002/SC001/CUT021b/Cache/QiZi_Hei_QiZi_Hei_geo_grp_abc.abc"
2023-10-13 10:07:27,139 -root - INFO - 
导入abc:AbcImport -mode import "P:/Project/Production_CG/Project/Shots/EP002/SC001/CUT021b/Cache/QiZi_Hei_QiZi_Hei_geo_grp_abc.abc"
2023-10-13 10:07:29,047 -root - INFO - 
abc缓存到 P:/Project/Production_CG/Project/Shots/EP002/SC001/CUT021b/Cache/QiXia_QiXia_geo_grp_abc.abc
2023-10-13 10:07:29,076 -root - INFO - 
abc缓存到 P:/Project/Production_CG/Project/Shots/EP002/SC001/CUT021b/Cache/QiZi_Bai_QiZi_Bai_geo_grp_abc.abc
2023-10-13 10:07:29,113 -root - INFO - 
abc缓存到 P:/Project/Production_CG/Project/Shots/EP002/SC001/CUT021b/Cache/QiSi_QiSi_geo_grp_abc.abc
2023-10-13 10:07:29,148 -root - INFO - 
abc缓存到 P:/Project/Production_CG/Project/Shots/EP002/SC001/CUT021b/Cache/QiZi_Hei_QiZi_Hei_geo_grp_abc.abc
2023-10-13 10:17:54,970 -root - INFO - 没有需要缓存的物体
2023-10-13 10:19:36,931 -root - INFO - AbcImport -mode import "P:/Project/Production_CG/Project/Shots/EP002/SC001/CUT022b/Cache/QiXia_QiXia_geo_grp_abc.abc"
2023-10-13 10:19:36,932 -root - INFO - 
导入abc:AbcImport -mode import "P:/Project/Production_CG/Project/Shots/EP002/SC001/CUT022b/Cache/QiXia_QiXia_geo_grp_abc.abc"
2023-10-13 10:19:36,942 -root - INFO - AbcImport -mode import "P:/Project/Production_CG/Project/Shots/EP002/SC001/CUT022b/Cache/QiZi_Bai_QiZi_Bai_geo_grp_abc.abc"
2023-10-13 10:19:36,942 -root - INFO - 
导入abc:AbcImport -mode import "P:/Project/Production_CG/Project/Shots/EP002/SC001/CUT022b/Cache/QiZi_Bai_QiZi_Bai_geo_grp_abc.abc"
2023-10-13 10:19:36,950 -root - INFO - AbcImport -mode import "P:/Project/Production_CG/Project/Shots/EP002/SC001/CUT022b/Cache/QiZi_Hei_QiZi_Hei_geo_grp_abc.abc"
2023-10-13 10:19:36,950 -root - INFO - 
导入abc:AbcImport -mode import "P:/Project/Production_CG/Project/Shots/EP002/SC001/CUT022b/Cache/QiZi_Hei_QiZi_Hei_geo_grp_abc.abc"
2023-10-13 10:19:37,762 -root - INFO - AbcImport -mode import "P:/Project/Production_CG/Project/Shots/EP002/SC001/CUT022b/Cache/QiSi_QiSi_geo_grp_abc.abc"
2023-10-13 10:19:37,763 -root - INFO - 
导入abc:AbcImport -mode import "P:/Project/Production_CG/Project/Shots/EP002/SC001/CUT022b/Cache/QiSi_QiSi_geo_grp_abc.abc"
2023-10-13 10:19:39,697 -root - INFO - 
abc缓存到 P:/Project/Production_CG/Project/Shots/EP002/SC001/CUT022b/Cache/QiXia_QiXia_geo_grp_abc.abc
2023-10-13 10:19:39,733 -root - INFO - 
abc缓存到 P:/Project/Production_CG/Project/Shots/EP002/SC001/CUT022b/Cache/QiZi_Bai_QiZi_Bai_geo_grp_abc.abc
2023-10-13 10:19:39,766 -root - INFO - 
abc缓存到 P:/Project/Production_CG/Project/Shots/EP002/SC001/CUT022b/Cache/QiZi_Hei_QiZi_Hei_geo_grp_abc.abc
2023-10-13 10:19:39,801 -root - INFO - 
abc缓存到 P:/Project/Production_CG/Project/Shots/EP002/SC001/CUT022b/Cache/QiSi_QiSi_geo_grp_abc.abc
2023-10-13 10:27:07,949 -root - INFO - P:\Project\Production_CG\Project\Shots\EP002\SC001\CUT022b\Hair\v000\EP002_SC001_CUT022b.mov输出完成
2023-10-13 10:59:36,360 -root - WARNING - 确保一个3D视图面板被激活
2023-10-13 11:00:01,734 -root - INFO - P:\Project\Production_CG\Project\Shots\EP002\SC001\CUT021b\Hair\EP002_SC001_CUT021b.mov输出完成
2023-10-13 11:02:19,534 -root - INFO - 没有需要缓存的物体
2023-10-13 11:03:59,609 -root - INFO - AbcImport -mode import "P:/Project/Production_CG/Project/Shots/EP002/SC001/CUT021b/Cache/QiXia_QiXia_geo_grp_abc.abc"
2023-10-13 11:03:59,609 -root - INFO - 
导入abc:AbcImport -mode import "P:/Project/Production_CG/Project/Shots/EP002/SC001/CUT021b/Cache/QiXia_QiXia_geo_grp_abc.abc"
2023-10-13 11:03:59,622 -root - INFO - AbcImport -mode import "P:/Project/Production_CG/Project/Shots/EP002/SC001/CUT021b/Cache/QiZi_Bai_QiZi_Bai_geo_grp_abc.abc"
2023-10-13 11:03:59,622 -root - INFO - 
导入abc:AbcImport -mode import "P:/Project/Production_CG/Project/Shots/EP002/SC001/CUT021b/Cache/QiZi_Bai_QiZi_Bai_geo_grp_abc.abc"
2023-10-13 11:03:59,632 -root - INFO - AbcImport -mode import "P:/Project/Production_CG/Project/Shots/EP002/SC001/CUT021b/Cache/QiZi_Hei_QiZi_Hei_geo_grp_abc.abc"
2023-10-13 11:03:59,632 -root - INFO - 
导入abc:AbcImport -mode import "P:/Project/Production_CG/Project/Shots/EP002/SC001/CUT021b/Cache/QiZi_Hei_QiZi_Hei_geo_grp_abc.abc"
2023-10-13 11:04:00,455 -root - INFO - AbcImport -mode import "P:/Project/Production_CG/Project/Shots/EP002/SC001/CUT021b/Cache/QiSi_QiSi_geo_grp_abc.abc"
2023-10-13 11:04:00,455 -root - INFO - 
导入abc:AbcImport -mode import "P:/Project/Production_CG/Project/Shots/EP002/SC001/CUT021b/Cache/QiSi_QiSi_geo_grp_abc.abc"
2023-10-13 11:04:02,592 -root - INFO - 
abc缓存到 P:/Project/Production_CG/Project/Shots/EP002/SC001/CUT021b/Cache/QiXia_QiXia_geo_grp_abc.abc
2023-10-13 11:04:02,627 -root - INFO - 
abc缓存到 P:/Project/Production_CG/Project/Shots/EP002/SC001/CUT021b/Cache/QiZi_Bai_QiZi_Bai_geo_grp_abc.abc
2023-10-13 11:04:02,662 -root - INFO - 
abc缓存到 P:/Project/Production_CG/Project/Shots/EP002/SC001/CUT021b/Cache/QiZi_Hei_QiZi_Hei_geo_grp_abc.abc
2023-10-13 11:04:02,696 -root - INFO - 
abc缓存到 P:/Project/Production_CG/Project/Shots/EP002/SC001/CUT021b/Cache/QiSi_QiSi_geo_grp_abc.abc
2023-10-13 11:08:40,492 -root - INFO - P:\Project\Production_CG\Project\Shots\EP002\SC001\CUT022b\Hair\EP002_SC001_CUT022b.mov输出完成
2023-10-13 11:09:40,987 -root - WARNING - 确保一个3D视图面板被激活
2023-10-13 11:09:59,925 -root - INFO - P:\Project\Production_CG\Project\Shots\EP002\SC001\CUT022b\Hair\EP002_SC001_CUT022b.mov输出完成
2023-10-13 11:11:26,147 -root - INFO - 没有需要缓存的物体
2023-10-13 11:12:31,260 -root - INFO - AbcImport -mode import "P:/Project/Production_CG/Project/Shots/EP002/SC001/CUT022b/Cache/QiZi_Bai_QiZi_Bai_geo_grp_abc.abc"
2023-10-13 11:12:31,260 -root - INFO - 
导入abc:AbcImport -mode import "P:/Project/Production_CG/Project/Shots/EP002/SC001/CUT022b/Cache/QiZi_Bai_QiZi_Bai_geo_grp_abc.abc"
2023-10-13 11:12:31,272 -root - INFO - AbcImport -mode import "P:/Project/Production_CG/Project/Shots/EP002/SC001/CUT022b/Cache/QiZi_Hei_QiZi_Hei_geo_grp_abc.abc"
2023-10-13 11:12:31,272 -root - INFO - 
导入abc:AbcImport -mode import "P:/Project/Production_CG/Project/Shots/EP002/SC001/CUT022b/Cache/QiZi_Hei_QiZi_Hei_geo_grp_abc.abc"
2023-10-13 11:12:32,241 -root - INFO - AbcImport -mode import "P:/Project/Production_CG/Project/Shots/EP002/SC001/CUT022b/Cache/QiSi_QiSi_geo_grp_abc.abc"
2023-10-13 11:12:32,241 -root - INFO - 
导入abc:AbcImport -mode import "P:/Project/Production_CG/Project/Shots/EP002/SC001/CUT022b/Cache/QiSi_QiSi_geo_grp_abc.abc"
2023-10-13 11:12:33,805 -root - INFO - AbcImport -mode import "P:/Project/Production_CG/Project/Shots/EP002/SC001/CUT022b/Cache/QiXia_QiXia_geo_grp_abc.abc"
2023-10-13 11:12:33,805 -root - INFO - 
导入abc:AbcImport -mode import "P:/Project/Production_CG/Project/Shots/EP002/SC001/CUT022b/Cache/QiXia_QiXia_geo_grp_abc.abc"
2023-10-13 11:12:36,536 -root - INFO - 
abc缓存到 P:/Project/Production_CG/Project/Shots/EP002/SC001/CUT022b/Cache/QiZi_Bai_QiZi_Bai_geo_grp_abc.abc
2023-10-13 11:12:36,572 -root - INFO - 
abc缓存到 P:/Project/Production_CG/Project/Shots/EP002/SC001/CUT022b/Cache/QiZi_Hei_QiZi_Hei_geo_grp_abc.abc
2023-10-13 11:12:36,625 -root - INFO - 
abc缓存到 P:/Project/Production_CG/Project/Shots/EP002/SC001/CUT022b/Cache/QiSi_QiSi_geo_grp_abc.abc
2023-10-13 11:12:36,727 -root - INFO - 
abc缓存到 P:/Project/Production_CG/Project/Shots/EP002/SC001/CUT022b/Cache/QiXia_QiXia_geo_grp_abc.abc
2023-10-13 11:14:48,060 -root - INFO - 没有需要缓存的物体
2023-10-13 11:15:55,875 -root - INFO - AbcImport -mode import "P:/Project/Production_CG/Project/Shots/EP002/SC001/CUT022b/Cache/QiXia_QiXia_geo_grp_abc.abc"
2023-10-13 11:15:55,875 -root - INFO - 
导入abc:AbcImport -mode import "P:/Project/Production_CG/Project/Shots/EP002/SC001/CUT022b/Cache/QiXia_QiXia_geo_grp_abc.abc"
2023-10-13 11:15:55,884 -root - INFO - AbcImport -mode import "P:/Project/Production_CG/Project/Shots/EP002/SC001/CUT022b/Cache/QiZi_Bai_QiZi_Bai_geo_grp_abc.abc"
2023-10-13 11:15:55,884 -root - INFO - 
导入abc:AbcImport -mode import "P:/Project/Production_CG/Project/Shots/EP002/SC001/CUT022b/Cache/QiZi_Bai_QiZi_Bai_geo_grp_abc.abc"
2023-10-13 11:15:55,893 -root - INFO - AbcImport -mode import "P:/Project/Production_CG/Project/Shots/EP002/SC001/CUT022b/Cache/QiZi_Hei_QiZi_Hei_geo_grp_abc.abc"
2023-10-13 11:15:55,893 -root - INFO - 
导入abc:AbcImport -mode import "P:/Project/Production_CG/Project/Shots/EP002/SC001/CUT022b/Cache/QiZi_Hei_QiZi_Hei_geo_grp_abc.abc"
2023-10-13 11:15:56,759 -root - INFO - AbcImport -mode import "P:/Project/Production_CG/Project/Shots/EP002/SC001/CUT022b/Cache/QiSi_QiSi_geo_grp_abc.abc"
2023-10-13 11:15:56,759 -root - INFO - 
导入abc:AbcImport -mode import "P:/Project/Production_CG/Project/Shots/EP002/SC001/CUT022b/Cache/QiSi_QiSi_geo_grp_abc.abc"
2023-10-13 11:15:58,749 -root - INFO - 
abc缓存到 P:/Project/Production_CG/Project/Shots/EP002/SC001/CUT022b/Cache/QiXia_QiXia_geo_grp_abc.abc
2023-10-13 11:15:58,780 -root - INFO - 
abc缓存到 P:/Project/Production_CG/Project/Shots/EP002/SC001/CUT022b/Cache/QiZi_Bai_QiZi_Bai_geo_grp_abc.abc
2023-10-13 11:15:58,811 -root - INFO - 
abc缓存到 P:/Project/Production_CG/Project/Shots/EP002/SC001/CUT022b/Cache/QiZi_Hei_QiZi_Hei_geo_grp_abc.abc
2023-10-13 11:15:58,842 -root - INFO - 
abc缓存到 P:/Project/Production_CG/Project/Shots/EP002/SC001/CUT022b/Cache/QiSi_QiSi_geo_grp_abc.abc
2023-10-13 11:19:57,822 -root - INFO - P:\Project\Production_CG\Project\Shots\EP002\SC001\CUT023b\Hair\EP002_SC001_CUT023b.mov输出完成
2023-10-13 11:24:13,238 -root - INFO - P:\Project\Production_CG\Project\Shots\EP002\SC001\CUT023b\Hair\EP002_SC001_CUT023b.mov输出完成
2023-10-13 11:24:55,957 -root - INFO - 没有需要缓存的物体
2023-10-13 11:25:48,070 -root - INFO - AbcImport -mode import "P:/Project/Production_CG/Project/Shots/EP002/SC001/CUT023b/Cache/QiXia_QiXia_geo_grp_abc.abc"
2023-10-13 11:25:48,071 -root - INFO - 
导入abc:AbcImport -mode import "P:/Project/Production_CG/Project/Shots/EP002/SC001/CUT023b/Cache/QiXia_QiXia_geo_grp_abc.abc"
2023-10-13 11:25:48,079 -root - INFO - AbcImport -mode import "P:/Project/Production_CG/Project/Shots/EP002/SC001/CUT023b/Cache/QiZi_Bai_QiZi_Bai_geo_grp_abc.abc"
2023-10-13 11:25:48,079 -root - INFO - 
导入abc:AbcImport -mode import "P:/Project/Production_CG/Project/Shots/EP002/SC001/CUT023b/Cache/QiZi_Bai_QiZi_Bai_geo_grp_abc.abc"
2023-10-13 11:25:48,087 -root - INFO - AbcImport -mode import "P:/Project/Production_CG/Project/Shots/EP002/SC001/CUT023b/Cache/QiZi_Hei_QiZi_Hei_geo_grp_abc.abc"
2023-10-13 11:25:48,087 -root - INFO - 
导入abc:AbcImport -mode import "P:/Project/Production_CG/Project/Shots/EP002/SC001/CUT023b/Cache/QiZi_Hei_QiZi_Hei_geo_grp_abc.abc"
2023-10-13 11:25:48,892 -root - INFO - AbcImport -mode import "P:/Project/Production_CG/Project/Shots/EP002/SC001/CUT023b/Cache/QiSi_QiSi_geo_grp_abc.abc"
2023-10-13 11:25:48,892 -root - INFO - 
导入abc:AbcImport -mode import "P:/Project/Production_CG/Project/Shots/EP002/SC001/CUT023b/Cache/QiSi_QiSi_geo_grp_abc.abc"
2023-10-13 11:25:51,135 -root - INFO - 
abc缓存到 P:/Project/Production_CG/Project/Shots/EP002/SC001/CUT023b/Cache/QiXia_QiXia_geo_grp_abc.abc
2023-10-13 11:25:51,168 -root - INFO - 
abc缓存到 P:/Project/Production_CG/Project/Shots/EP002/SC001/CUT023b/Cache/QiZi_Bai_QiZi_Bai_geo_grp_abc.abc
2023-10-13 11:25:51,198 -root - INFO - 
abc缓存到 P:/Project/Production_CG/Project/Shots/EP002/SC001/CUT023b/Cache/QiZi_Hei_QiZi_Hei_geo_grp_abc.abc
2023-10-13 11:25:51,228 -root - INFO - 
abc缓存到 P:/Project/Production_CG/Project/Shots/EP002/SC001/CUT023b/Cache/QiSi_QiSi_geo_grp_abc.abc
